<?xml version="1.0" encoding="UTF-8"?>
<testsuite name="com.common.AutoCorrectAT" time="0.001" tests="5" errors="0" skipped="0" failures="0">
  <properties>
[...]
</properties>
  <testcase name="Given I am on the website &apos;http://www.google.com&apos;" classname="Scenario: Enter search term and view related images" time="0.001"/>
  <testcase name="When I submit the search term &apos;autoqa.org&apos;" classname="Scenario: Enter search term and view related images" time="0"/>
  <testcase name="And accept the first search result" classname="Scenario: Enter search term and view related images" time="0"/>
  <testcase name="Then I should be on the page &apos;http://autoqa.org/&apos;" classname="Scenario: Enter search term and view related images" time="0"/>
  <testcase name="Scenario: Enter search term and view related images" classname="Scenario: Enter search term and view related images" time="0"/>
</testsuite>